<?xml version="1.0" encoding="UTF-8"?>
<testsuite xmlns:xsi="http://www.w3.org/2001/XMLSchema-instance" xsi:noNamespaceSchemaLocation="https://maven.apache.org/surefire/maven-surefire-plugin/xsd/surefire-test-report-3.0.xsd" version="3.0" name="com.polar.logistics.service.CargoTrackingServiceTest" time="1.195" tests="3" errors="0" skipped="0" failures="0">
  <properties>
[...]
</properties>
  <testcase name="shouldSyncInventoryOnStoredTransition" classname="com.polar.logistics.service.CargoTrackingServiceTest" time="1.149">
    <system-out><![CDATA[10:58:44.835 [main] INFO com.polar.logistics.service.CargoTrackingService -- Cargo item 'Medical Oxygen Cylinders' stored. Updated InventoryItem ID: 4c65b146-6cd5-46ae-b094-d0e5606fb059, New Quantity: 200
]]></system-out>
  </testcase>
  <testcase name="shouldRejectIllegalStatusTransition" classname="com.polar.logistics.service.CargoTrackingServiceTest" time="0.006"/>
  <testcase name="shouldAttachDuplicateStockWarning" classname="com.polar.logistics.service.CargoTrackingServiceTest" time="0.007">
    <system-out><![CDATA[10:58:44.872 [main] INFO com.polar.logistics.service.CargoTrackingService -- Duplicate Stock Notice: MAITRI currently has 4000 Litres of 'Diesel Fuel' in inventory.
]]></system-out>
  </testcase>
</testsuite>